# JRE version: OpenJDK Runtime Environment (21.0.8+9) (build 21.0.8+9-Ubuntu-0ubuntu124.04.1)
# Java VM: OpenJDK 64-Bit Server VM (21.0.8+9-Ubuntu-0ubuntu124.04.1, mixed mode, sharing, tiered, compressed oops, compressed class ptrs, g1 gc, linux-amd64)
GC Precious Log:
 CardTable entry size: 512
 Card Set container configuration: InlinePtr #cards 5 size 8 Array Of Cards #cards 12 size 40 Howl #buckets 4 coarsen threshold 1843 Howl Bitmap #cards 512 size 80 coarsen threshold 460 Card regions per heap region 1 cards per card region 2048
 CPUs: 4 total, 4 available
 Memory: 7808M
 Large Page Support: Disabled
 NUMA Support: Disabled
 Compressed Oops: Enabled (32-bit)
 Heap Region Size: 1M
 Heap Min Capacity: 8M
 Heap Initial Capacity: 124M
 Heap Max Capacity: 1954M
 Pre-touch: Disabled
 Parallel Workers: 4
 Concurrent Workers: 1
 Concurrent Refinement Workers: 4
 Periodic GC: Disabled
Heap:
 garbage-first heap   total 73728K, used 44479K [0x0000000085e00000, 0x0000000100000000)
  region size 1024K, 7 young (7168K), 0 survivors (0K)
 Metaspace       used 8744K, committed 8896K, reserved 1114112K
  class space    used 781K, committed 832K, reserved 1048576K
GC Heap History (20 events):
Event: 4.135 GC heap before
{Heap before GC invocations=9 (full 4):
 garbage-first heap   total 27648K, used 22127K [0x0000000085e00000, 0x0000000100000000)
  region size 1024K, 12 young (12288K), 0 survivors (0K)
 Metaspace       used 4671K, committed 4928K, reserved 1114112K
  class space    used 420K, committed 512K, reserved 1048576K
}
Event: 4.141 GC heap after
{Heap after GC invocations=10 (full 4):
 garbage-first heap   total 27648K, used 11326K [0x0000000085e00000, 0x0000000100000000)
  region size 1024K, 2 young (2048K), 2 survivors (2048K)
 Metaspace       used 4671K, committed 4928K, reserved 1114112K
  class space    used 420K, committed 512K, reserved 1048576K
}
Event: 4.342 GC heap before
{Heap before GC invocations=10 (full 4):
 garbage-first heap   total 27648K, used 20542K [0x0000000085e00000, 0x0000000100000000)
  region size 1024K, 11 young (11264K), 2 survivors (2048K)
 Metaspace       used 4779K, committed 4992K, reserved 1114112K
  class space    used 423K, committed 512K, reserved 1048576K
}
Event: 4.354 GC heap after
{Heap after GC invocations=11 (full 4):
 garbage-first heap   total 29696K, used 16255K [0x0000000085e00000, 0x0000000100000000)
  region size 1024K, 2 young (2048K), 2 survivors (2048K)
 Metaspace       used 4779K, committed 4992K, reserved 1114112K
  class space    used 423K, committed 512K, reserved 1048576K
}
Event: 4.648 GC heap before
{Heap before GC invocations=11 (full 4):
 garbage-first heap   total 29696K, used 21375K [0x0000000085e00000, 0x0000000100000000)
  region size 1024K, 7 young (7168K), 2 survivors (2048K)
 Metaspace       used 4845K, committed 5056K, reserved 1114112K
  class space    used 423K, committed 512K, reserved 1048576K
}
Event: 4.660 GC heap after
{Heap after GC invocations=12 (full 4):
 garbage-first heap   total 29696K, used 17440K [0x0000000085e00000, 0x0000000100000000)
  region size 1024K, 1 young (1024K), 1 survivors (1024K)
 Metaspace       used 4845K, committed 5056K, reserved 1114112K
  class space    used 423K, committed 512K, reserved 1048576K
}
Event: 4.963 GC heap before
{Heap before GC invocations=13 (full 4):
 garbage-first heap   total 32768K, used 22560K [0x0000000085e00000, 0x0000000100000000)
  region size 1024K, 6 young (6144K), 1 survivors (1024K)
 Metaspace       used 4871K, committed 5120K, reserved 1114112K
  class space    used 423K, committed 512K, reserved 1048576K
}
Event: 4.979 GC heap after
{Heap after GC invocations=14 (full 4):
 garbage-first heap   total 32768K, used 18045K [0x0000000085e00000, 0x0000000100000000)
  region size 1024K, 1 young (1024K), 1 survivors (1024K)
 Metaspace       used 4871K, committed 5120K, reserved 1114112K
  class space    used 423K, committed 512K, reserved 1048576K
}
Event: 5.258 GC heap before
{Heap before GC invocations=14 (full 4):
 garbage-first heap   total 32768K, used 24189K [0x0000000085e00000, 0x0000000100000000)
  region size 1024K, 7 young (7168K), 1 survivors (1024K)
 Metaspace       used 4894K, committed 5120K, reserved 1114112K
  class space    used 424K, committed 512K, reserved 1048576K
}
Event: 5.268 GC heap after
{Heap after GC invocations=15 (full 4):
 garbage-first heap   total 32768K, used 19022K [0x0000000085e00000, 0x0000000100000000)
  region size 1024K, 1 young (1024K), 1 survivors (1024K)
 Metaspace       used 4894K, committed 5120K, reserved 1114112K
  class space    used 424K, committed 512K, reserved 1048576K
}
Event: 5.757 GC heap before
{Heap before GC invocations=15 (full 4):
 garbage-first heap   total 32768K, used 26190K [0x0000000085e00000, 0x0000000100000000)
  region size 1024K, 8 young (8192K), 1 survivors (1024K)
 Metaspace       used 4964K, committed 5120K, reserved 1114112K
  class space    used 429K, committed 512K, reserved 1048576K
}
Event: 5.780 GC heap after
{Heap after GC invocations=16 (full 4):
 garbage-first heap   total 65536K, used 22685K [0x0000000085e00000, 0x0000000100000000)
  region size 1024K, 1 young (1024K), 1 survivors (1024K)
 Metaspace       used 4964K, committed 5120K, reserved 1114112K
  class space    used 429K, committed 512K, reserved 1048576K
}
Event: 6.375 GC heap before
{Heap before GC invocations=17 (full 4):
 garbage-first heap   total 65536K, used 50333K [0x0000000085e00000, 0x0000000100000000)
  region size 1024K, 29 young (29696K), 1 survivors (1024K)
 Metaspace       used 4999K, committed 5184K, reserved 1114112K
  class space    used 429K, committed 512K, reserved 1048576K
}
Event: 6.455 GC heap after
{Heap after GC invocations=18 (full 4):
 garbage-first heap   total 68608K, used 38444K [0x0000000085e00000, 0x0000000100000000)
  region size 1024K, 4 young (4096K), 4 survivors (4096K)
 Metaspace       used 4999K, committed 5184K, reserved 1114112K
  class space    used 429K, committed 512K, reserved 1048576K
}
Event: 7.782 GC heap before
{Heap before GC invocations=18 (full 4):
 garbage-first heap   total 68608K, used 50732K [0x0000000085e00000, 0x0000000100000000)
  region size 1024K, 17 young (17408K), 4 survivors (4096K)
 Metaspace       used 6923K, committed 7040K, reserved 1114112K
  class space    used 599K, committed 640K, reserved 1048576K
}
Event: 7.802 GC heap after
{Heap after GC invocations=19 (full 4):
 garbage-first heap   total 68608K, used 41282K [0x0000000085e00000, 0x0000000100000000)
  region size 1024K, 3 young (3072K), 3 survivors (3072K)
 Metaspace       used 6923K, committed 7040K, reserved 1114112K
  class space    used 599K, committed 640K, reserved 1048576K
}
Event: 8.518 GC heap before
{Heap before GC invocations=19 (full 4):
 garbage-first heap   total 68608K, used 53570K [0x0000000085e00000, 0x0000000100000000)
  region size 1024K, 15 young (15360K), 3 survivors (3072K)
 Metaspace       used 7665K, committed 7936K, reserved 1114112K
  class space    used 655K, committed 768K, reserved 1048576K
}
Event: 8.532 GC heap after
{Heap after GC invocations=20 (full 4):
 garbage-first heap   total 68608K, used 43169K [0x0000000085e00000, 0x0000000100000000)
  region size 1024K, 2 young (2048K), 2 survivors (2048K)
 Metaspace       used 7665K, committed 7936K, reserved 1114112K
  class space    used 655K, committed 768K, reserved 1048576K
}
Event: 8.814 GC heap before
{Heap before GC invocations=21 (full 4):
 garbage-first heap   total 73728K, used 44193K [0x0000000085e00000, 0x0000000100000000)
  region size 1024K, 4 young (4096K), 2 survivors (2048K)
 Metaspace       used 7778K, committed 8000K, reserved 1114112K
  class space    used 671K, committed 768K, reserved 1048576K
}
Event: 8.890 GC heap after
{Heap after GC invocations=22 (full 5):
 garbage-first heap   total 73728K, used 38335K [0x0000000085e00000, 0x0000000100000000)
  region size 1024K, 0 young (0K), 0 survivors (0K)
 Metaspace       used 7778K, committed 8000K, reserved 1114112K
  class space    used 671K, committed 768K, reserved 1048576K
}

